[debug] [2024-09-26T18:52:40.561Z] ----------------------------------------------------------------------
[debug] [2024-09-26T18:52:40.564Z] Command:       /usr/local/Cellar/node@20/20.13.1/bin/node /usr/local/bin/firebase init
[debug] [2024-09-26T18:52:40.565Z] CLI Version:   13.19.0
[debug] [2024-09-26T18:52:40.565Z] Platform:      darwin
[debug] [2024-09-26T18:52:40.565Z] Node Version:  v20.13.1
[debug] [2024-09-26T18:52:40.565Z] Time:          Fri Sep 27 2024 01:52:40 GMT+0700 (Western Indonesia Time)
[debug] [2024-09-26T18:52:40.565Z] ----------------------------------------------------------------------
[debug] 
[debug] [2024-09-26T18:52:40.571Z] > command requires scopes: ["email","openid","https://www.googleapis.com/auth/cloudplatformprojects.readonly","https://www.googleapis.com/auth/firebase","https://www.googleapis.com/auth/cloud-platform"]
[debug] [2024-09-26T18:52:40.571Z] > authorizing via signed-in user (build@amazeworx.com)
[info] 
     ######## #### ########  ######## ########     ###     ######  ########
     ##        ##  ##     ## ##       ##     ##  ##   ##  ##       ##
     ######    ##  ########  ######   ########  #########  ######  ######
     ##        ##  ##    ##  ##       ##     ## ##     ##       ## ##
     ##       #### ##     ## ######## ########  ##     ##  ######  ########

You're about to initialize a Firebase project in this directory:

  /Users/fransnico/Local Sites/cpsvxmas

[info] 
=== Project Setup
[info] 
[info] First, let's associate this project directory with a Firebase project.
[info] You can create multiple project aliases by running firebase use --add, 
[info] but for now we'll just set up a default project.
[info] 
[debug] [2024-09-26T18:52:59.731Z] >>> [apiv2][query] GET https://firebase.googleapis.com/v1beta1/projects pageSize=100
[debug] [2024-09-26T18:53:00.830Z] <<< [apiv2][status] GET https://firebase.googleapis.com/v1beta1/projects 200
[debug] [2024-09-26T18:53:00.830Z] <<< [apiv2][body] GET https://firebase.googleapis.com/v1beta1/projects [omitted]
[info] i  Using project cpsv-christmas-wishes (CPSV Christmas Wishes) 
[info] 
=== Hosting Setup
[debug] [2024-09-26T18:53:07.171Z] >>> [apiv2][query] GET https://firebase.googleapis.com/v1beta1/projects/cpsv-christmas-wishes [none]
[debug] [2024-09-26T18:53:07.975Z] <<< [apiv2][status] GET https://firebase.googleapis.com/v1beta1/projects/cpsv-christmas-wishes 200
[debug] [2024-09-26T18:53:07.975Z] <<< [apiv2][body] GET https://firebase.googleapis.com/v1beta1/projects/cpsv-christmas-wishes {"projectId":"cpsv-christmas-wishes","projectNumber":"586928079303","displayName":"CPSV Christmas Wishes","name":"projects/cpsv-christmas-wishes","resources":{"hostingSite":"cpsv-christmas-wishes"},"state":"ACTIVE","etag":"1_2241dded-6b81-4255-81d6-96678bd43ad0"}
[info] 
[info] Your public directory is the folder (relative to your project directory) that
[info] will contain Hosting assets to be uploaded with firebase deploy. If you
[info] have a build process for your assets, use your build's output directory.
[info] 
[debug] [2024-09-26T18:53:34.165Z] >>> [apiv2][query] GET https://www.gstatic.com/firebasejs/releases.json [none]
[debug] [2024-09-26T18:53:34.245Z] <<< [apiv2][status] GET https://www.gstatic.com/firebasejs/releases.json 200
[debug] [2024-09-26T18:53:34.245Z] <<< [apiv2][body] GET https://www.gstatic.com/firebasejs/releases.json {"current":{"version":"10.13.2","browserURL":"https://www.gstatic.com/firebasejs/10.13.2/firebase.js","packageURL":"https://www.gstatic.com/firebasejs/10.13.2/firebase.tgz"},"live":{"version":"10.13","browserURL":"https://www.gstatic.com/firebasejs/live/10.13/firebase.js","packageURL":"https://www.gstatic.com/firebasejs/live/10.13/firebase.tgz"},"components":{"analytics":"https://www.gstatic.com/firebasejs/10.13.2/firebase-analytics.js","app":"https://www.gstatic.com/firebasejs/10.13.2/firebase-app.js","app-check":"https://www.gstatic.com/firebasejs/10.13.2/firebase-app-check.js","auth":"https://www.gstatic.com/firebasejs/10.13.2/firebase-auth.js","auth/cordova":"https://www.gstatic.com/firebasejs/10.13.2/firebase-auth/cordova.js","auth/web-extension":"https://www.gstatic.com/firebasejs/10.13.2/firebase-auth/web-extension.js","functions":"https://www.gstatic.com/firebasejs/10.13.2/firebase-functions.js","firestore":"https://www.gstatic.com/firebasejs/10.13.2/firebase-firestore.js","firestore/lite":"https://www.gstatic.com/firebasejs/10.13.2/firebase-firestore/lite.js","installations":"https://www.gstatic.com/firebasejs/10.13.2/firebase-installations.js","storage":"https://www.gstatic.com/firebasejs/10.13.2/firebase-storage.js","performance":"https://www.gstatic.com/firebasejs/10.13.2/firebase-performance.js","remote-config":"https://www.gstatic.com/firebasejs/10.13.2/firebase-remote-config.js","messaging":"https://www.gstatic.com/firebasejs/10.13.2/firebase-messaging.js","messaging/sw":"https://www.gstatic.com/firebasejs/10.13.2/firebase-messaging/sw.js","database":"https://www.gstatic.com/firebasejs/10.13.2/firebase-database.js","vertexai-preview":"https://www.gstatic.com/firebasejs/10.13.2/firebase-vertexai-preview.js","firestore.memory":"https://www.gstatic.com/firebasejs/10.13.2/firebase-firestore.memory.js"}}
[info] ✔  Wrote public/index.html 
[info] 
[info] i  Didn't detect a .git folder. Assuming /Users/fransnico/Local Sites/cpsvxmas is the project root. 
[info] i  Authorizing with GitHub to upload your service account to a GitHub repository's secrets store. 
[info] 
[info] Visit this URL on this device to log in:
[info] https://github.com/login/oauth/authorize?client_id=89cf50f02ac6aaed3484&state=451098734&redirect_uri=http%3A%2F%2Flocalhost%3A9005&scope=read%3Auser%20repo%20public_repo
[info] 
[info] Waiting for authentication...
[debug] [2024-09-26T18:53:45.611Z] >>> [apiv2][query] POST https://github.com/login/oauth/access_token [none]
[debug] [2024-09-26T18:53:45.611Z] >>> [apiv2][body] POST https://github.com/login/oauth/access_token [stream]
[debug] [2024-09-26T18:53:46.037Z] <<< [apiv2][status] POST https://github.com/login/oauth/access_token 200
[debug] [2024-09-26T18:53:46.037Z] <<< [apiv2][body] POST https://github.com/login/oauth/access_token {"access_token":"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","token_type":"bearer","scope":"read:user,repo"}
[debug] [2024-09-26T18:53:46.049Z] >>> [apiv2][query] GET https://api.github.com/user [none]
[debug] [2024-09-26T18:53:46.524Z] <<< [apiv2][status] GET https://api.github.com/user 200
[debug] [2024-09-26T18:53:46.524Z] <<< [apiv2][body] GET https://api.github.com/user {"login":"amazeworx","id":62655222,"node_id":"MDQ6VXNlcjYyNjU1MjIy","avatar_url":"https://avatars.githubusercontent.com/u/62655222?v=4","gravatar_id":"","url":"https://api.github.com/users/amazeworx","html_url":"https://github.com/amazeworx","followers_url":"https://api.github.com/users/amazeworx/followers","following_url":"https://api.github.com/users/amazeworx/following{/other_user}","gists_url":"https://api.github.com/users/amazeworx/gists{/gist_id}","starred_url":"https://api.github.com/users/amazeworx/starred{/owner}{/repo}","subscriptions_url":"https://api.github.com/users/amazeworx/subscriptions","organizations_url":"https://api.github.com/users/amazeworx/orgs","repos_url":"https://api.github.com/users/amazeworx/repos","events_url":"https://api.github.com/users/amazeworx/events{/privacy}","received_events_url":"https://api.github.com/users/amazeworx/received_events","type":"User","site_admin":false,"name":"Fransnico Susanto","company":null,"blog":"https://www.gfransnico.com","location":null,"email":null,"hireable":null,"bio":null,"twitter_username":null,"notification_email":null,"public_repos":11,"public_gists":0,"followers":0,"following":0,"created_at":"2020-03-25T13:53:24Z","updated_at":"2024-09-10T10:45:09Z","private_gists":0,"total_private_repos":14,"owned_private_repos":14,"disk_usage":127489,"collaborators":0,"two_factor_authentication":false,"plan":{"name":"free","space":976562499,"collaborators":0,"private_repos":10000}}
[info] 
[info] ✔  Success! Logged into GitHub as amazeworx 
[info] 
